<testsuites id="" name="" tests="20" failures="0" skipped="0" errors="0" time="12.294761000000001">
<testsuite name="api.spec.js" timestamp="2025-07-20T06:16:13.798Z" hostname="chromium" tests="5" failures="0" skipped="0" time="0.304" errors="0">
<testcase name="API Testing › should check website accessibility" classname="api.spec.js" time="0.225">
</testcase>
<testcase name="API Testing › should verify response headers" classname="api.spec.js" time="0.023">
</testcase>
<testcase name="API Testing › should handle non-existent endpoints" classname="api.spec.js" time="0.025">
</testcase>
<testcase name="API Testing › should test response time" classname="api.spec.js" time="0.019">
<system-out>
<![CDATA[Response time: 14ms
]]>
</system-out>
</testcase>
<testcase name="API Testing › should verify page content" classname="api.spec.js" time="0.012">
</testcase>
</testsuite>
<testsuite name="login.spec.js" timestamp="2025-07-20T06:16:13.798Z" hostname="chromium" tests="8" failures="0" skipped="0" time="5.809" errors="0">
<testcase name="Login Functionality › should display login page correctly" classname="login.spec.js" time="0.558">
</testcase>
<testcase name="Login Functionality › should login successfully with valid credentials" classname="login.spec.js" time="0.663">
</testcase>
<testcase name="Login Functionality › should show error for locked out user" classname="login.spec.js" time="0.867">
</testcase>
<testcase name="Login Functionality › Invalid Login Attempts › should show error for Invalid username" classname="login.spec.js" time="0.526">
</testcase>
<testcase name="Login Functionality › Invalid Login Attempts › should show error for Invalid password" classname="login.spec.js" time="0.537">
</testcase>
<testcase name="Login Functionality › Invalid Login Attempts › should show error for Empty username" classname="login.spec.js" time="0.526">
</testcase>
<testcase name="Login Functionality › Invalid Login Attempts › should show error for Empty password" classname="login.spec.js" time="0.532">
</testcase>
<testcase name="Login Functionality › should logout successfully" classname="login.spec.js" time="1.6">
</testcase>
</testsuite>
<testsuite name="shopping.spec.js" timestamp="2025-07-20T06:16:13.798Z" hostname="chromium" tests="7" failures="0" skipped="0" time="5.067" errors="0">
<testcase name="Shopping Cart Functionality › should display all inventory items" classname="shopping.spec.js" time="0.624">
</testcase>
<testcase name="Shopping Cart Functionality › should add item to cart" classname="shopping.spec.js" time="0.711">
</testcase>
<testcase name="Shopping Cart Functionality › should add multiple items to cart" classname="shopping.spec.js" time="0.742">
</testcase>
<testcase name="Shopping Cart Functionality › should view cart with added items" classname="shopping.spec.js" time="0.738">
</testcase>
<testcase name="Shopping Cart Functionality › should remove item from cart" classname="shopping.spec.js" time="0.716">
</testcase>
<testcase name="Shopping Cart Functionality › should continue shopping from cart" classname="shopping.spec.js" time="0.789">
</testcase>
<testcase name="Shopping Cart Functionality › should proceed to checkout" classname="shopping.spec.js" time="0.747">
</testcase>
</testsuite>
</testsuites>