<testsuites id="" name="" tests="20" failures="0" skipped="0" errors="0" time="14.62052">
<testsuite name="api.spec.js" timestamp="2025-07-26T06:16:11.761Z" hostname="chromium" tests="5" failures="0" skipped="0" time="0.261" errors="0">
<testcase name="API Testing › should check website accessibility" classname="api.spec.js" time="0.122">
</testcase>
<testcase name="API Testing › should verify response headers" classname="api.spec.js" time="0.021">
</testcase>
<testcase name="API Testing › should handle non-existent endpoints" classname="api.spec.js" time="0.098">
</testcase>
<testcase name="API Testing › should test response time" classname="api.spec.js" time="0.012">
<system-out>
<![CDATA[Response time: 6ms
]]>
</system-out>
</testcase>
<testcase name="API Testing › should verify page content" classname="api.spec.js" time="0.008">
</testcase>
</testsuite>
<testsuite name="login.spec.js" timestamp="2025-07-26T06:16:11.761Z" hostname="chromium" tests="8" failures="0" skipped="0" time="6.55" errors="0">
<testcase name="Login Functionality › should display login page correctly" classname="login.spec.js" time="1.391">
</testcase>
<testcase name="Login Functionality › should login successfully with valid credentials" classname="login.spec.js" time="0.673">
</testcase>
<testcase name="Login Functionality › should show error for locked out user" classname="login.spec.js" time="0.566">
</testcase>
<testcase name="Login Functionality › Invalid Login Attempts › should show error for Invalid username" classname="login.spec.js" time="0.572">
</testcase>
<testcase name="Login Functionality › Invalid Login Attempts › should show error for Invalid password" classname="login.spec.js" time="0.563">
</testcase>
<testcase name="Login Functionality › Invalid Login Attempts › should show error for Empty username" classname="login.spec.js" time="0.541">
</testcase>
<testcase name="Login Functionality › Invalid Login Attempts › should show error for Empty password" classname="login.spec.js" time="0.565">
</testcase>
<testcase name="Login Functionality › should logout successfully" classname="login.spec.js" time="1.679">
</testcase>
</testsuite>
<testsuite name="shopping.spec.js" timestamp="2025-07-26T06:16:11.761Z" hostname="chromium" tests="7" failures="0" skipped="0" time="4.963" errors="0">
<testcase name="Shopping Cart Functionality › should display all inventory items" classname="shopping.spec.js" time="0.645">
</testcase>
<testcase name="Shopping Cart Functionality › should add item to cart" classname="shopping.spec.js" time="0.679">
</testcase>
<testcase name="Shopping Cart Functionality › should add multiple items to cart" classname="shopping.spec.js" time="0.712">
</testcase>
<testcase name="Shopping Cart Functionality › should view cart with added items" classname="shopping.spec.js" time="0.663">
</testcase>
<testcase name="Shopping Cart Functionality › should remove item from cart" classname="shopping.spec.js" time="0.722">
</testcase>
<testcase name="Shopping Cart Functionality › should continue shopping from cart" classname="shopping.spec.js" time="0.786">
</testcase>
<testcase name="Shopping Cart Functionality › should proceed to checkout" classname="shopping.spec.js" time="0.756">
</testcase>
</testsuite>
</testsuites>